<?xml version="1.0" encoding="utf-8"?>
<TestScenario>
	<Config>
		<environment>
			<item name="MyTEST_VAR1" value="MyTEST_VALUE1"/>
			<item name="MyTEST_VAR2" value="MyTEST_VALUE2"/>
			<item name="MyTEST_VAR3" value="MyTEST_VALUE3"/>
		</environment>
	</Config>
	<Success>
		<item script="./success.sh param1 param2"/>
		<item script="./success.sh param3 param4"/>
	</Success>
	<Failure>
		<item script="./failure.sh param1 param2"/>
		<item script="./failure.sh param3 param4"/>
	</Failure>
	<TestList>
        <test name="Test run script" ignore_failed="1">
            <action name="script" script="exit 1"/>
        </test>
        <test name="Test run script 2">
            <action name="script" script="echo 'sdfsdfsdfs'; touch /tmp/tt" show_output="0"/>
        </test>
        <test name="Test run script 2">
            <action name="script" script="./script.sh" show_output="1"/>
        </test>
        <test name="Test run script 3 (outlink)">
            <check file="testdir/test-script-link.xml" link="ALL" test="outlink"/>
        </test>
        <test name="Fail test">
            <check test="asdasd=1"/>
        </test>
    </TestList>
</TestScenario>
